Copyright 1986-2018 Xilinx, Inc. All Rights Reserved.
------------------------------------------------------------------------------------
| Tool Version : Vivado v.2018.3 (win64) Build 2405991 Thu Dec  6 23:38:27 MST 2018
| Date         : Mon Mar 16 10:09:18 2020
| Host         : DESKTOP-53JRLLC running 64-bit major release  (build 9200)
| Command      : upgrade_ip
| Device       : xc7z020clg484-1
------------------------------------------------------------------------------------

Upgrade Log for IP 'design_1_jesd204_rx_0_0'

1. Summary
----------

SUCCESS in the conversion of design_1_jesd204_rx_0_0 (analog.com:user:jesd204_rx:1.0 (Rev. 1)) to Vivado generation flows.






Copyright 1986-2018 Xilinx, Inc. All Rights Reserved.
------------------------------------------------------------------------------------
| Tool Version : Vivado v.2018.3 (win64) Build 2405991 Thu Dec  6 23:38:27 MST 2018
| Date         : Mon Mar 16 10:09:18 2020
| Host         : DESKTOP-53JRLLC running 64-bit major release  (build 9200)
| Command      : upgrade_ip
| Device       : xc7z020clg484-1
------------------------------------------------------------------------------------

Upgrade Log for IP 'design_1_axi_jesd204_rx_0_0'

1. Summary
----------

SUCCESS in the conversion of design_1_axi_jesd204_rx_0_0 (analog.com:user:axi_jesd204_rx:1.0 (Rev. 1)) to Vivado generation flows.

